Using pre-set license
Built from '2020.3/staging' branch; Version is '2020.3.8f1 (507919d4fff5) revision 5273881'; Using compiler version '192528614'; Build Type 'Release'
OS: 'Windows 10 Home; OS build 19043.1348; Version 2009; 64bit' Language: 'en' Physical Memory: 16146 MB
BatchMode: 1, IsHumanControllingUs: 0, StartBugReporterOnCrash: 0, Is64bit: 1, IsPro: 0

 COMMAND LINE ARGUMENTS:
E:\Unity\Unity versions\2020.3.8f1\Editor\Unity.exe
-adb2
-batchMode
-noUpm
-name
AssetImportWorker0
-projectPath
E:/Unity/Unity Projects/game-engine-final-project/The Legend of Sheridan
-logFile
Logs/AssetImportWorker0.log
-srvPort
49263
Successfully changed project path to: E:/Unity/Unity Projects/game-engine-final-project/The Legend of Sheridan
E:/Unity/Unity Projects/game-engine-final-project/The Legend of Sheridan
Using Asset Import Pipeline V2.
Refreshing native plugins compatible for Editor in 23.37 ms, found 0 plugins.
Preloading 0 native plugins for Editor in 0.00 ms.
Initialize engine version: 2020.3.8f1 (507919d4fff5)
[Subsystems] Discovering subsystems at path E:/Unity/Unity versions/2020.3.8f1/Editor/Data/Resources/UnitySubsystems
[Subsystems] Discovering subsystems at path E:/Unity/Unity Projects/game-engine-final-project/The Legend of Sheridan/Assets
GfxDevice: creating device client; threaded=0
Direct3D:
    Version:  Direct3D 11.0 [level 11.1]
    Renderer: NVIDIA GeForce RTX 2070 Super (ID=0x1e91)
    Vendor:   
    VRAM:     8011 MB
    Driver:   30.0.14.7135
Initialize mono
Mono path[0] = 'E:/Unity/Unity versions/2020.3.8f1/Editor/Data/Managed'
Mono path[1] = 'E:/Unity/Unity versions/2020.3.8f1/Editor/Data/MonoBleedingEdge/lib/mono/unityjit'
Mono config path = 'E:/Unity/Unity versions/2020.3.8f1/Editor/Data/MonoBleedingEdge/etc'
Using monoOptions --debugger-agent=transport=dt_socket,embedding=1,server=y,suspend=n,address=127.0.0.1:56220
Begin MonoManager ReloadAssembly
Registering precompiled unity dll's ...
Register platform support module: E:/Unity/Unity versions/2020.3.8f1/Editor/Data/PlaybackEngines/WindowsStandaloneSupport/UnityEditor.WindowsStandalone.Extensions.dll
Registered in 0.000986 seconds.
Native extension for WindowsStandalone target not found
Refreshing native plugins compatible for Editor in 21.51 ms, found 0 plugins.
Preloading 0 native plugins for Editor in 0.00 ms.
Mono: successfully reloaded assembly
- Completed reload, in  2.025 seconds
Platform modules already initialized, skipping
Registering precompiled user dll's ...
Registered in 0.000529 seconds.
Begin MonoManager ReloadAssembly
Native extension for WindowsStandalone target not found
Refreshing native plugins compatible for Editor in 0.18 ms, found 0 plugins.
Preloading 0 native plugins for Editor in 0.00 ms.
Mono: successfully reloaded assembly
- Completed reload, in  0.723 seconds
Platform modules already initialized, skipping
========================================================================
Worker process is ready to serve import requests
Launched and connected shader compiler UnityShaderCompiler.exe after 0.05 seconds
Refreshing native plugins compatible for Editor in 0.19 ms, found 0 plugins.
Preloading 0 native plugins for Editor in 0.00 ms.
Unloading 1167 Unused Serialized files (Serialized files now loaded: 0)
System memory in use before: 60.3 MB.
System memory in use after: 60.3 MB.

Unloading 9 unused Assets to reduce memory usage. Loaded Objects now: 1611.
Total: 1.517600 ms (FindLiveObjects: 0.111800 ms CreateObjectMapping: 0.030900 ms MarkObjects: 1.326800 ms  DeleteObjects: 0.047500 ms)

========================================================================
Received Import Request.
  path: ProjectSettings/TagManager.asset
  artifactKey: Guid(00000000000000003000000000000000) Importer(815301076,1909f56bfc062723c751e8b465ee728b)
Start importing ProjectSettings/TagManager.asset using Guid(00000000000000003000000000000000) Importer(815301076,1909f56bfc062723c751e8b465ee728b)  -> (artifact id: '83608339151fd13a085eccc2ae10f620') in 0.030865 seconds
  Import took 0.032647 seconds .

========================================================================
Received Import Request.
  Time since last request: 19.542308 seconds.
  path: Assets/Scenes/Dungeon 1.unity
  artifactKey: Guid(34e38a7fd99558e41a9c519dc0d3999d) Importer(815301076,1909f56bfc062723c751e8b465ee728b)
Start importing Assets/Scenes/Dungeon 1.unity using Guid(34e38a7fd99558e41a9c519dc0d3999d) Importer(815301076,1909f56bfc062723c751e8b465ee728b)  -> (artifact id: '13e6e282131a220b3c2168cc67e63d87') in 0.004113 seconds
  Import took 0.005739 seconds .

========================================================================
Received Import Request.
  Time since last request: 33.597975 seconds.
  path: Assets/Prefebs/Game/Rock Bullet.prefab
  artifactKey: Guid(95cc5900dc679734aa507a6664781121) Importer(815301076,1909f56bfc062723c751e8b465ee728b)
Start importing Assets/Prefebs/Game/Rock Bullet.prefab using Guid(95cc5900dc679734aa507a6664781121) Importer(815301076,1909f56bfc062723c751e8b465ee728b)  -> (artifact id: '06120f4b366be257e56031fcd81da480') in 0.090268 seconds
  Import took 0.091853 seconds .

========================================================================
Received Import Request.
  Time since last request: 5.791909 seconds.
  path: Assets/Prefebs/Game/Rock-1.prefab
  artifactKey: Guid(0aba16c23a0361740a9506c9223cc0d5) Importer(815301076,1909f56bfc062723c751e8b465ee728b)
Start importing Assets/Prefebs/Game/Rock-1.prefab using Guid(0aba16c23a0361740a9506c9223cc0d5) Importer(815301076,1909f56bfc062723c751e8b465ee728b)  -> (artifact id: '2755187f5b4cad933494fee797e2979f') in 0.030443 seconds
  Import took 0.032172 seconds .

========================================================================
Received Import Request.
  Time since last request: 14.707625 seconds.
  path: Assets/Prefebs/Game/Rock-2.prefab
  artifactKey: Guid(e26612cf659fc9042bdedbc4ef7feb4f) Importer(815301076,1909f56bfc062723c751e8b465ee728b)
Start importing Assets/Prefebs/Game/Rock-2.prefab using Guid(e26612cf659fc9042bdedbc4ef7feb4f) Importer(815301076,1909f56bfc062723c751e8b465ee728b)  -> (artifact id: 'dba6b45dee05f8db2cee55300e3d420b') in 0.019357 seconds
  Import took 0.020968 seconds .

AssetImportWorkerClient::OnTransportError - code=2 error=End of file
